c:\users\qingx\desktop\ms3\ms3\x64\debug\vc143.pdb
c:\users\qingx\desktop\ms3\ms3\x64\debug\vc143.idb
c:\users\qingx\desktop\ms3\ms3\x64\debug\core.obj
c:\users\qingx\desktop\ms3\ms3\x64\debug\clinic.obj
c:\users\qingx\desktop\ms3\x64\debug\ms3.pdb
c:\users\qingx\desktop\ms3\ms3\x64\debug\ms3.tlog\cl.command.1.tlog
c:\users\qingx\desktop\ms3\ms3\x64\debug\ms3.tlog\cl.read.1.tlog
c:\users\qingx\desktop\ms3\ms3\x64\debug\ms3.tlog\cl.write.1.tlog
c:\users\qingx\desktop\ms3\ms3\x64\debug\ms3.tlog\link-cvtres.read.1.tlog
c:\users\qingx\desktop\ms3\ms3\x64\debug\ms3.tlog\link-cvtres.write.1.tlog
c:\users\qingx\desktop\ms3\ms3\x64\debug\ms3.tlog\link-rc.read.1.tlog
c:\users\qingx\desktop\ms3\ms3\x64\debug\ms3.tlog\link-rc.write.1.tlog
c:\users\qingx\desktop\ms3\ms3\x64\debug\ms3.tlog\link.command.1.tlog
c:\users\qingx\desktop\ms3\ms3\x64\debug\ms3.tlog\link.read.1.tlog
c:\users\qingx\desktop\ms3\ms3\x64\debug\ms3.tlog\link.read.2.tlog
c:\users\qingx\desktop\ms3\ms3\x64\debug\ms3.tlog\link.read.3.tlog
c:\users\qingx\desktop\ms3\ms3\x64\debug\ms3.tlog\link.read.4.tlog
c:\users\qingx\desktop\ms3\ms3\x64\debug\ms3.tlog\link.read.5.tlog
c:\users\qingx\desktop\ms3\ms3\x64\debug\ms3.tlog\link.read.6.tlog
c:\users\qingx\desktop\ms3\ms3\x64\debug\ms3.tlog\link.write.1.tlog
